This is pdfTeX, Version 3.1415926-2.3-1.40.12 (MiKTeX 2.9) (preloaded format=pdflatex 2013.2.25)  21 JUN 2013 18:03
entering extended mode
**C:/Users/Cyril*Cornu/Documents/GitHub/internal-assessment/Internal_Assessment
_Plan/Internal_Assessment_Plan.tex

("C:/Users/Cyril Cornu/Documents/GitHub/internal-assessment/Internal_Assessment
_Plan/Internal_Assessment_Plan.tex"
LaTeX2e <2011/06/27>
Babel <v3.8m> and hyphenation patterns for english, afrikaans, ancientgreek, ar
abic, armenian, assamese, basque, bengali, bokmal, bulgarian, catalan, coptic, 
croatian, czech, danish, dutch, esperanto, estonian, farsi, finnish, french, ga
lician, german, german-x-2009-06-19, greek, gujarati, hindi, hungarian, iceland
ic, indonesian, interlingua, irish, italian, kannada, kurmanji, lao, latin, lat
vian, lithuanian, malayalam, marathi, mongolian, mongolianlmc, monogreek, ngerm
an, ngerman-x-2009-06-19, nynorsk, oriya, panjabi, pinyin, polish, portuguese, 
romanian, russian, sanskrit, serbian, slovak, slovenian, spanish, swedish, swis
sgerman, tamil, telugu, turkish, turkmen, ukenglish, ukrainian, uppersorbian, u
senglishmax, welsh, loaded.

("C:\Users\Cyril Cornu\Documents\GitHub\internal-assessment\Internal_Assessment
_Plan\template/openetcs_report.cls"

LaTeX Warning: You have requested document class `template/openetcs_report',
               but the document class provides `openetcs'.

Document Class: openetcs 2012/08/03 v0.1 Typesetting Technical Information Repo
rts of openETCS project based on ERDC class v1.1
("C:\Program Files (x86)\MiKTeX 2.9\tex\latex\base\report.cls"
Document Class: report 2007/10/19 v1.4h Standard LaTeX document class
("C:\Program Files (x86)\MiKTeX 2.9\tex\latex\base\size11.clo"
File: size11.clo 2007/10/19 v1.4h Standard LaTeX file (size option)
)
\c@part=\count79
\c@chapter=\count80
\c@section=\count81
\c@subsection=\count82
\c@subsubsection=\count83
\c@paragraph=\count84
\c@subparagraph=\count85
\c@figure=\count86
\c@table=\count87
\abovecaptionskip=\skip41
\belowcaptionskip=\skip42
\bibindent=\dimen102
)
("C:\Program Files (x86)\MiKTeX 2.9\tex\latex\graphics\graphicx.sty"
Package: graphicx 1999/02/16 v1.0f Enhanced LaTeX Graphics (DPC,SPQR)

("C:\Program Files (x86)\MiKTeX 2.9\tex\latex\graphics\keyval.sty"
Package: keyval 1999/03/16 v1.13 key=value parser (DPC)
\KV@toks@=\toks14
)
("C:\Program Files (x86)\MiKTeX 2.9\tex\latex\graphics\graphics.sty"
Package: graphics 2009/02/05 v1.0o Standard LaTeX Graphics (DPC,SPQR)

("C:\Program Files (x86)\MiKTeX 2.9\tex\latex\graphics\trig.sty"
Package: trig 1999/03/16 v1.09 sin cos tan (DPC)
)
("C:\Program Files (x86)\MiKTeX 2.9\tex\latex\00miktex\graphics.cfg"
File: graphics.cfg 2007/01/18 v1.5 graphics configuration of teTeX/TeXLive
)
Package graphics Info: Driver file: pdftex.def on input line 91.

("C:\Program Files (x86)\MiKTeX 2.9\tex\latex\pdftex-def\pdftex.def"
File: pdftex.def 2011/05/27 v0.06d Graphics/color for pdfTeX

("C:\Program Files (x86)\MiKTeX 2.9\tex\generic\oberdiek\infwarerr.sty"
Package: infwarerr 2010/04/08 v1.3 Providing info/warning/error messages (HO)
)
("C:\Program Files (x86)\MiKTeX 2.9\tex\generic\oberdiek\ltxcmds.sty"
Package: ltxcmds 2011/11/09 v1.22 LaTeX kernel commands for general use (HO)
)
\Gread@gobject=\count88
))
\Gin@req@height=\dimen103
\Gin@req@width=\dimen104
)
("C:\Program Files (x86)\MiKTeX 2.9\tex\latex\graphics\color.sty"
Package: color 2005/11/14 v1.0j Standard LaTeX Color (DPC)

("C:\Program Files (x86)\MiKTeX 2.9\tex\latex\00miktex\color.cfg"
File: color.cfg 2007/01/18 v1.5 color configuration of teTeX/TeXLive
)
Package color Info: Driver file: pdftex.def on input line 130.
)
("C:\Users\Cyril Cornu\AppData\Roaming\MiKTeX\2.9\tex\latex\caption\caption.sty
"
Package: caption 2013/01/06 v3.3 Customizing captions (AR)

("C:\Users\Cyril Cornu\AppData\Roaming\MiKTeX\2.9\tex\latex\caption\caption3.st
y"
Package: caption3 2013/01/06 v1.5 caption3 kernel (AR)
\captionmargin=\dimen105
\captionmargin@=\dimen106
\captionwidth=\dimen107
\caption@tempdima=\dimen108
\caption@indent=\dimen109
\caption@parindent=\dimen110
\caption@hangindent=\dimen111
)
\c@ContinuedFloat=\count89
) ("C:\Program Files (x86)\MiKTeX 2.9\tex\latex\tools\longtable.sty"
Package: longtable 2004/02/01 v4.11 Multi-page Table package (DPC)
\LTleft=\skip43
\LTright=\skip44
\LTpre=\skip45
\LTpost=\skip46
\LTchunksize=\count90
\LTcapwidth=\dimen112
\LT@head=\box26
\LT@firsthead=\box27
\LT@foot=\box28
\LT@lastfoot=\box29
\LT@cols=\count91
\LT@rows=\count92
\c@LT@tables=\count93
\c@LT@chunks=\count94
\LT@p@ftn=\toks15
)
("C:\Program Files (x86)\MiKTeX 2.9\tex\latex\tools\dcolumn.sty"
Package: dcolumn 2001/05/28 v1.06 decimal alignment package (DPC)

("C:\Program Files (x86)\MiKTeX 2.9\tex\latex\tools\array.sty"
Package: array 2008/09/09 v2.4c Tabular extension package (FMi)
\col@sep=\dimen113
\extrarowheight=\dimen114
\NC@list=\toks16
\extratabsurround=\skip47
\backup@length=\skip48
))
("C:\Users\Cyril Cornu\AppData\Roaming\MiKTeX\2.9\tex\latex\natbib\natbib.sty"
Package: natbib 2010/09/13 8.31b (PWD, AO)
\bibhang=\skip49
\bibsep=\skip50
LaTeX Info: Redefining \cite on input line 694.
\c@NAT@ctr=\count95
) ("C:\Program Files (x86)\MiKTeX 2.9\tex\latex\ams\math\amsmath.sty"
Package: amsmath 2000/07/18 v2.13 AMS math features
\@mathmargin=\skip51

For additional information on amsmath, use the `?' option.
("C:\Program Files (x86)\MiKTeX 2.9\tex\latex\ams\math\amstext.sty"
Package: amstext 2000/06/29 v2.01

("C:\Program Files (x86)\MiKTeX 2.9\tex\latex\ams\math\amsgen.sty"
File: amsgen.sty 1999/11/30 v2.0
\@emptytoks=\toks17
\ex@=\dimen115
))
("C:\Program Files (x86)\MiKTeX 2.9\tex\latex\ams\math\amsbsy.sty"
Package: amsbsy 1999/11/29 v1.2d
\pmbraise@=\dimen116
)
("C:\Program Files (x86)\MiKTeX 2.9\tex\latex\ams\math\amsopn.sty"
Package: amsopn 1999/12/14 v2.01 operator names
)
\inf@bad=\count96
LaTeX Info: Redefining \frac on input line 211.
\uproot@=\count97
\leftroot@=\count98
LaTeX Info: Redefining \overline on input line 307.
\classnum@=\count99
\DOTSCASE@=\count100
LaTeX Info: Redefining \ldots on input line 379.
LaTeX Info: Redefining \dots on input line 382.
LaTeX Info: Redefining \cdots on input line 467.
\Mathstrutbox@=\box30
\strutbox@=\box31
\big@size=\dimen117
LaTeX Font Info:    Redeclaring font encoding OML on input line 567.
LaTeX Font Info:    Redeclaring font encoding OMS on input line 568.
\macc@depth=\count101
\c@MaxMatrixCols=\count102
\dotsspace@=\muskip10
\c@parentequation=\count103
\dspbrk@lvl=\count104
\tag@help=\toks18
\row@=\count105
\column@=\count106
\maxfields@=\count107
\andhelp@=\toks19
\eqnshift@=\dimen118
\alignsep@=\dimen119
\tagshift@=\dimen120
\tagwidth@=\dimen121
\totwidth@=\dimen122
\lineht@=\dimen123
\@envbody=\toks20
\multlinegap=\skip52
\multlinetaggap=\skip53
\mathdisplay@stack=\toks21
LaTeX Info: Redefining \[ on input line 2666.
LaTeX Info: Redefining \] on input line 2667.
)
("C:\Users\Cyril Cornu\AppData\Roaming\MiKTeX\2.9\tex\latex\microtype\microtype
.sty"
Package: microtype 2010/01/10 v2.4 Micro-typography with pdfTeX (RS)
\MT@toks=\toks22
\MT@count=\count108
LaTeX Info: Redefining \lsstyle on input line 1597.
LaTeX Info: Redefining \lslig on input line 1597.
\MT@outer@space=\skip54
LaTeX Info: Redefining \textls on input line 1605.
\MT@outer@kern=\dimen124
LaTeX Info: Redefining \textmicrotypecontext on input line 2156.
Package microtype Info: Loading configuration file microtype.cfg.

("C:\Users\Cyril Cornu\AppData\Roaming\MiKTeX\2.9\tex\latex\microtype\microtype
.cfg"
File: microtype.cfg 2010/01/10 v2.4 microtype main configuration file (RS)
)) ("C:\Program Files (x86)\MiKTeX 2.9\tex\latex\base\fontenc.sty"
Package: fontenc 2005/09/27 v1.99g Standard LaTeX package

("C:\Program Files (x86)\MiKTeX 2.9\tex\latex\base\t1enc.def"
File: t1enc.def 2005/09/27 v1.99g Standard LaTeX file
LaTeX Font Info:    Redeclaring font encoding T1 on input line 43.
))
("C:\Users\Cyril Cornu\AppData\Roaming\MiKTeX\2.9\tex\latex\txfonts\txfonts.sty
"
Package: txfonts 2008/01/22 v3.2.1
LaTeX Font Info:    Redeclaring symbol font `operators' on input line 21.
LaTeX Font Info:    Overwriting symbol font `operators' in version `normal'
(Font)                  OT1/cmr/m/n --> OT1/txr/m/n on input line 21.
LaTeX Font Info:    Overwriting symbol font `operators' in version `bold'
(Font)                  OT1/cmr/bx/n --> OT1/txr/m/n on input line 21.
LaTeX Font Info:    Overwriting symbol font `operators' in version `bold'
(Font)                  OT1/txr/m/n --> OT1/txr/bx/n on input line 22.
\symitalic=\mathgroup4
LaTeX Font Info:    Overwriting symbol font `italic' in version `bold'
(Font)                  OT1/txr/m/it --> OT1/txr/bx/it on input line 26.
LaTeX Font Info:    Redeclaring math alphabet \mathbf on input line 29.
LaTeX Font Info:    Overwriting math alphabet `\mathbf' in version `normal'
(Font)                  OT1/cmr/bx/n --> OT1/txr/bx/n on input line 29.
LaTeX Font Info:    Overwriting math alphabet `\mathbf' in version `bold'
(Font)                  OT1/cmr/bx/n --> OT1/txr/bx/n on input line 29.
LaTeX Font Info:    Redeclaring math alphabet \mathit on input line 30.
LaTeX Font Info:    Overwriting math alphabet `\mathit' in version `normal'
(Font)                  OT1/cmr/m/it --> OT1/txr/m/it on input line 30.
LaTeX Font Info:    Overwriting math alphabet `\mathit' in version `bold'
(Font)                  OT1/cmr/bx/it --> OT1/txr/m/it on input line 30.
LaTeX Font Info:    Overwriting math alphabet `\mathit' in version `bold'
(Font)                  OT1/txr/m/it --> OT1/txr/bx/it on input line 31.
LaTeX Font Info:    Redeclaring math alphabet \mathsf on input line 40.
LaTeX Font Info:    Overwriting math alphabet `\mathsf' in version `normal'
(Font)                  OT1/cmss/m/n --> OT1/txss/m/n on input line 40.
LaTeX Font Info:    Overwriting math alphabet `\mathsf' in version `bold'
(Font)                  OT1/cmss/bx/n --> OT1/txss/m/n on input line 40.
LaTeX Font Info:    Overwriting math alphabet `\mathsf' in version `bold'
(Font)                  OT1/txss/m/n --> OT1/txss/b/n on input line 41.
LaTeX Font Info:    Redeclaring math alphabet \mathtt on input line 50.
LaTeX Font Info:    Overwriting math alphabet `\mathtt' in version `normal'
(Font)                  OT1/cmtt/m/n --> OT1/txtt/m/n on input line 50.
LaTeX Font Info:    Overwriting math alphabet `\mathtt' in version `bold'
(Font)                  OT1/cmtt/m/n --> OT1/txtt/m/n on input line 50.
LaTeX Font Info:    Overwriting math alphabet `\mathtt' in version `bold'
(Font)                  OT1/txtt/m/n --> OT1/txtt/b/n on input line 51.
LaTeX Font Info:    Redeclaring symbol font `letters' on input line 58.
LaTeX Font Info:    Overwriting symbol font `letters' in version `normal'
(Font)                  OML/cmm/m/it --> OML/txmi/m/it on input line 58.
LaTeX Font Info:    Overwriting symbol font `letters' in version `bold'
(Font)                  OML/cmm/b/it --> OML/txmi/m/it on input line 58.
LaTeX Font Info:    Overwriting symbol font `letters' in version `bold'
(Font)                  OML/txmi/m/it --> OML/txmi/bx/it on input line 59.
\symlettersA=\mathgroup5
LaTeX Font Info:    Overwriting symbol font `lettersA' in version `bold'
(Font)                  U/txmia/m/it --> U/txmia/bx/it on input line 67.
LaTeX Font Info:    Redeclaring symbol font `symbols' on input line 77.
LaTeX Font Info:    Overwriting symbol font `symbols' in version `normal'
(Font)                  OMS/cmsy/m/n --> OMS/txsy/m/n on input line 77.
LaTeX Font Info:    Overwriting symbol font `symbols' in version `bold'
(Font)                  OMS/cmsy/b/n --> OMS/txsy/m/n on input line 77.
LaTeX Font Info:    Overwriting symbol font `symbols' in version `bold'
(Font)                  OMS/txsy/m/n --> OMS/txsy/bx/n on input line 78.
\symAMSa=\mathgroup6
LaTeX Font Info:    Overwriting symbol font `AMSa' in version `bold'
(Font)                  U/txsya/m/n --> U/txsya/bx/n on input line 94.
\symAMSb=\mathgroup7
LaTeX Font Info:    Overwriting symbol font `AMSb' in version `bold'
(Font)                  U/txsyb/m/n --> U/txsyb/bx/n on input line 103.
\symsymbolsC=\mathgroup8
LaTeX Font Info:    Overwriting symbol font `symbolsC' in version `bold'
(Font)                  U/txsyc/m/n --> U/txsyc/bx/n on input line 113.
LaTeX Font Info:    Redeclaring symbol font `largesymbols' on input line 120.
LaTeX Font Info:    Overwriting symbol font `largesymbols' in version `normal'
(Font)                  OMX/cmex/m/n --> OMX/txex/m/n on input line 120.
LaTeX Font Info:    Overwriting symbol font `largesymbols' in version `bold'
(Font)                  OMX/cmex/m/n --> OMX/txex/m/n on input line 120.
LaTeX Font Info:    Overwriting symbol font `largesymbols' in version `bold'
(Font)                  OMX/txex/m/n --> OMX/txex/bx/n on input line 121.
\symlargesymbolsA=\mathgroup9
LaTeX Font Info:    Overwriting symbol font `largesymbolsA' in version `bold'
(Font)                  U/txexa/m/n --> U/txexa/bx/n on input line 129.
LaTeX Info: Redefining \not on input line 1043.
) ("C:\Program Files (x86)\MiKTeX 2.9\tex\latex\geometry\geometry.sty"
Package: geometry 2010/09/12 v5.6 Page Geometry

("C:\Program Files (x86)\MiKTeX 2.9\tex\generic\oberdiek\ifpdf.sty"
Package: ifpdf 2011/01/30 v2.3 Provides the ifpdf switch (HO)
Package ifpdf Info: pdfTeX in PDF mode is detected.
)
("C:\Program Files (x86)\MiKTeX 2.9\tex\generic\oberdiek\ifvtex.sty"
Package: ifvtex 2010/03/01 v1.5 Detect VTeX and its facilities (HO)
Package ifvtex Info: VTeX not detected.
)
("C:\Program Files (x86)\MiKTeX 2.9\tex\generic\ifxetex\ifxetex.sty"
Package: ifxetex 2010/09/12 v0.6 Provides ifxetex conditional
)
\Gm@cnth=\count109
\Gm@cntv=\count110
\c@Gm@tempcnt=\count111
\Gm@bindingoffset=\dimen125
\Gm@wd@mp=\dimen126
\Gm@odd@mp=\dimen127
\Gm@even@mp=\dimen128
\Gm@layoutwidth=\dimen129
\Gm@layoutheight=\dimen130
\Gm@layouthoffset=\dimen131
\Gm@layoutvoffset=\dimen132
\Gm@dimlist=\toks23

("C:\Program Files (x86)\MiKTeX 2.9\tex\latex\geometry\geometry.cfg"))
("C:\Users\Cyril Cornu\AppData\Roaming\MiKTeX\2.9\tex\latex\fancyhdr\fancyhdr.s
ty"
\fancy@headwidth=\skip55
\f@ncyO@elh=\skip56
\f@ncyO@erh=\skip57
\f@ncyO@olh=\skip58
\f@ncyO@orh=\skip59
\f@ncyO@elf=\skip60
\f@ncyO@erf=\skip61
\f@ncyO@olf=\skip62
\f@ncyO@orf=\skip63
)
\@emptytoks=\toks24
\abstractbox=\box32
)
("C:\Users\Cyril Cornu\AppData\Roaming\MiKTeX\2.9\tex\latex\lipsum\lipsum.sty"
Package: lipsum 2011/04/14 v1.2 150 paragraphs of Lorem Ipsum dummy text
\c@lips@count=\count112
) ("C:\Program Files (x86)\MiKTeX 2.9\tex\latex\ltxmisc\url.sty"
\Urlmuskip=\muskip11
Package: url 2006/04/12  ver 3.3  Verb mode for urls, etc.
)
("C:\Program Files (x86)\MiKTeX 2.9\tex\latex\tools\xspace.sty"
Package: xspace 2009/10/20 v1.13 Space after command names (DPC,MH)
)
("C:\Users\Cyril Cornu\AppData\Roaming\MiKTeX\2.9\tex\latex\fixme\fixme.sty"
Package: fixme 2013/01/28 v4.2 Collaborative annotations for LaTeX2e

("C:\Program Files (x86)\MiKTeX 2.9\tex\latex\base\ifthen.sty"
Package: ifthen 2001/05/26 v1.1c Standard LaTeX ifthen package (DPC)
)
("C:\Program Files (x86)\MiKTeX 2.9\tex\latex\tools\verbatim.sty"
Package: verbatim 2003/08/22 v1.5q LaTeX2e package for verbatim enhancements
\every@verbatim=\toks25
\verbatim@line=\toks26
\verbatim@in@stream=\read1
)
("C:\Program Files (x86)\MiKTeX 2.9\tex\latex\xkeyval\xkeyval.sty"
Package: xkeyval 2008/08/13 v2.6a package option processing (HA)

("C:\Program Files (x86)\MiKTeX 2.9\tex\generic\xkeyval\xkeyval.tex"
\XKV@toks=\toks27
\XKV@tempa@toks=\toks28
\XKV@depth=\count113
File: xkeyval.tex 2008/08/13 v2.6a key=value parser (HA)
))
\c@fixmecount=\count114
\c@fxnotecount=\count115
\c@fxwarningcount=\count116
\c@fxerrorcount=\count117
\c@fxfatalcount=\count118
)
("C:\Program Files (x86)\MiKTeX 2.9\tex\latex\graphics\lscape.sty"
Package: lscape 2000/10/22 v3.01 Landscape Pages (DPC)
)
("C:\Users\Cyril Cornu\AppData\Roaming\MiKTeX\2.9\tex\latex\pgfgantt\pgfgantt.s
ty"
Package: pgfgantt 2012/01/25 v3.0 Draw Gantt diagrams with TikZ

("C:\Users\Cyril Cornu\AppData\Roaming\MiKTeX\2.9\tex\latex\pgf\frontendlayer\t
ikz.sty"
("C:\Users\Cyril Cornu\AppData\Roaming\MiKTeX\2.9\tex\latex\pgf\basiclayer\pgf.
sty"
("C:\Users\Cyril Cornu\AppData\Roaming\MiKTeX\2.9\tex\latex\pgf\utilities\pgfrc
s.sty"
("C:\Users\Cyril Cornu\AppData\Roaming\MiKTeX\2.9\tex\generic\pgf\utilities\pgf
util-common.tex"
\pgfutil@everybye=\toks29
)
("C:\Users\Cyril Cornu\AppData\Roaming\MiKTeX\2.9\tex\generic\pgf\utilities\pgf
util-latex.def"
\pgfutil@abb=\box33

("C:\Users\Cyril Cornu\AppData\Roaming\MiKTeX\2.9\tex\latex\ms\everyshi.sty"
Package: everyshi 2001/05/15 v3.00 EveryShipout Package (MS)
))
("C:\Users\Cyril Cornu\AppData\Roaming\MiKTeX\2.9\tex\generic\pgf\utilities\pgf
rcs.code.tex"
Package: pgfrcs 2010/10/25 v2.10 (rcs-revision 1.24)
))
Package: pgf 2008/01/15 v2.10 (rcs-revision 1.12)

("C:\Users\Cyril Cornu\AppData\Roaming\MiKTeX\2.9\tex\latex\pgf\basiclayer\pgfc
ore.sty"
("C:\Users\Cyril Cornu\AppData\Roaming\MiKTeX\2.9\tex\latex\pgf\systemlayer\pgf
sys.sty"
("C:\Users\Cyril Cornu\AppData\Roaming\MiKTeX\2.9\tex\generic\pgf\systemlayer\p
gfsys.code.tex"
Package: pgfsys 2010/06/30 v2.10 (rcs-revision 1.37)

("C:\Users\Cyril Cornu\AppData\Roaming\MiKTeX\2.9\tex\generic\pgf\utilities\pgf
keys.code.tex"
\pgfkeys@pathtoks=\toks30
\pgfkeys@temptoks=\toks31

("C:\Users\Cyril Cornu\AppData\Roaming\MiKTeX\2.9\tex\generic\pgf\utilities\pgf
keysfiltered.code.tex"
\pgfkeys@tmptoks=\toks32
))
\pgf@x=\dimen133
\pgf@y=\dimen134
\pgf@xa=\dimen135
\pgf@ya=\dimen136
\pgf@xb=\dimen137
\pgf@yb=\dimen138
\pgf@xc=\dimen139
\pgf@yc=\dimen140
\w@pgf@writea=\write3
\r@pgf@reada=\read2
\c@pgf@counta=\count119
\c@pgf@countb=\count120
\c@pgf@countc=\count121
\c@pgf@countd=\count122

("C:\Users\Cyril Cornu\AppData\Roaming\MiKTeX\2.9\tex\generic\pgf\systemlayer\p
gf.cfg"
File: pgf.cfg 2008/05/14  (rcs-revision 1.7)
)
Package pgfsys Info: Driver file for pgf: pgfsys-pdftex.def on input line 900.

("C:\Users\Cyril Cornu\AppData\Roaming\MiKTeX\2.9\tex\generic\pgf\systemlayer\p
gfsys-pdftex.def"
File: pgfsys-pdftex.def 2009/05/22  (rcs-revision 1.26)

("C:\Users\Cyril Cornu\AppData\Roaming\MiKTeX\2.9\tex\generic\pgf\systemlayer\p
gfsys-common-pdf.def"
File: pgfsys-common-pdf.def 2008/05/19  (rcs-revision 1.10)
)))
("C:\Users\Cyril Cornu\AppData\Roaming\MiKTeX\2.9\tex\generic\pgf\systemlayer\p
gfsyssoftpath.code.tex"
File: pgfsyssoftpath.code.tex 2008/07/18  (rcs-revision 1.7)
\pgfsyssoftpath@smallbuffer@items=\count123
\pgfsyssoftpath@bigbuffer@items=\count124
)
("C:\Users\Cyril Cornu\AppData\Roaming\MiKTeX\2.9\tex\generic\pgf\systemlayer\p
gfsysprotocol.code.tex"
File: pgfsysprotocol.code.tex 2006/10/16  (rcs-revision 1.4)
))
("C:\Users\Cyril Cornu\AppData\Roaming\MiKTeX\2.9\tex\latex\xcolor\xcolor.sty"
Package: xcolor 2007/01/21 v2.11 LaTeX color extensions (UK)

("C:\Program Files (x86)\MiKTeX 2.9\tex\latex\00miktex\color.cfg"
File: color.cfg 2007/01/18 v1.5 color configuration of teTeX/TeXLive
)
Package xcolor Info: Driver file: pdftex.def on input line 225.
LaTeX Info: Redefining \color on input line 702.
Package xcolor Info: Model `cmy' substituted by `cmy0' on input line 1337.
Package xcolor Info: Model `hsb' substituted by `rgb' on input line 1341.
Package xcolor Info: Model `RGB' extended on input line 1353.
Package xcolor Info: Model `HTML' substituted by `rgb' on input line 1355.
Package xcolor Info: Model `Hsb' substituted by `hsb' on input line 1356.
Package xcolor Info: Model `tHsb' substituted by `hsb' on input line 1357.
Package xcolor Info: Model `HSB' substituted by `hsb' on input line 1358.
Package xcolor Info: Model `Gray' substituted by `gray' on input line 1359.
Package xcolor Info: Model `wave' substituted by `hsb' on input line 1360.
)
("C:\Users\Cyril Cornu\AppData\Roaming\MiKTeX\2.9\tex\generic\pgf\basiclayer\pg
fcore.code.tex"
Package: pgfcore 2010/04/11 v2.10 (rcs-revision 1.7)

("C:\Users\Cyril Cornu\AppData\Roaming\MiKTeX\2.9\tex\generic\pgf\math\pgfmath.
code.tex"
("C:\Users\Cyril Cornu\AppData\Roaming\MiKTeX\2.9\tex\generic\pgf\math\pgfmathc
alc.code.tex"
("C:\Users\Cyril Cornu\AppData\Roaming\MiKTeX\2.9\tex\generic\pgf\math\pgfmathu
til.code.tex")
("C:\Users\Cyril Cornu\AppData\Roaming\MiKTeX\2.9\tex\generic\pgf\math\pgfmathp
arser.code.tex"
\pgfmath@dimen=\dimen141
\pgfmath@count=\count125
\pgfmath@box=\box34
\pgfmath@toks=\toks33
\pgfmath@stack@operand=\toks34
\pgfmath@stack@operation=\toks35
)
("C:\Users\Cyril Cornu\AppData\Roaming\MiKTeX\2.9\tex\generic\pgf\math\pgfmathf
unctions.code.tex"
("C:\Users\Cyril Cornu\AppData\Roaming\MiKTeX\2.9\tex\generic\pgf\math\pgfmathf
unctions.basic.code.tex")
("C:\Users\Cyril Cornu\AppData\Roaming\MiKTeX\2.9\tex\generic\pgf\math\pgfmathf
unctions.trigonometric.code.tex")
("C:\Users\Cyril Cornu\AppData\Roaming\MiKTeX\2.9\tex\generic\pgf\math\pgfmathf
unctions.random.code.tex")
("C:\Users\Cyril Cornu\AppData\Roaming\MiKTeX\2.9\tex\generic\pgf\math\pgfmathf
unctions.comparison.code.tex")
("C:\Users\Cyril Cornu\AppData\Roaming\MiKTeX\2.9\tex\generic\pgf\math\pgfmathf
unctions.base.code.tex")
("C:\Users\Cyril Cornu\AppData\Roaming\MiKTeX\2.9\tex\generic\pgf\math\pgfmathf
unctions.round.code.tex")
("C:\Users\Cyril Cornu\AppData\Roaming\MiKTeX\2.9\tex\generic\pgf\math\pgfmathf
unctions.misc.code.tex")))
("C:\Users\Cyril Cornu\AppData\Roaming\MiKTeX\2.9\tex\generic\pgf\math\pgfmathf
loat.code.tex"
\c@pgfmathroundto@lastzeros=\count126
))
("C:\Users\Cyril Cornu\AppData\Roaming\MiKTeX\2.9\tex\generic\pgf\basiclayer\pg
fcorepoints.code.tex"
File: pgfcorepoints.code.tex 2010/04/09  (rcs-revision 1.20)
\pgf@picminx=\dimen142
\pgf@picmaxx=\dimen143
\pgf@picminy=\dimen144
\pgf@picmaxy=\dimen145
\pgf@pathminx=\dimen146
\pgf@pathmaxx=\dimen147
\pgf@pathminy=\dimen148
\pgf@pathmaxy=\dimen149
\pgf@xx=\dimen150
\pgf@xy=\dimen151
\pgf@yx=\dimen152
\pgf@yy=\dimen153
\pgf@zx=\dimen154
\pgf@zy=\dimen155
)
("C:\Users\Cyril Cornu\AppData\Roaming\MiKTeX\2.9\tex\generic\pgf\basiclayer\pg
fcorepathconstruct.code.tex"
File: pgfcorepathconstruct.code.tex 2010/08/03  (rcs-revision 1.24)
\pgf@path@lastx=\dimen156
\pgf@path@lasty=\dimen157
)
("C:\Users\Cyril Cornu\AppData\Roaming\MiKTeX\2.9\tex\generic\pgf\basiclayer\pg
fcorepathusage.code.tex"
File: pgfcorepathusage.code.tex 2008/04/22  (rcs-revision 1.12)
\pgf@shorten@end@additional=\dimen158
\pgf@shorten@start@additional=\dimen159
)
("C:\Users\Cyril Cornu\AppData\Roaming\MiKTeX\2.9\tex\generic\pgf\basiclayer\pg
fcorescopes.code.tex"
File: pgfcorescopes.code.tex 2010/09/08  (rcs-revision 1.34)
\pgfpic=\box35
\pgf@hbox=\box36
\pgf@layerbox@main=\box37
\pgf@picture@serial@count=\count127
)
("C:\Users\Cyril Cornu\AppData\Roaming\MiKTeX\2.9\tex\generic\pgf\basiclayer\pg
fcoregraphicstate.code.tex"
File: pgfcoregraphicstate.code.tex 2008/04/22  (rcs-revision 1.9)
\pgflinewidth=\dimen160
)
("C:\Users\Cyril Cornu\AppData\Roaming\MiKTeX\2.9\tex\generic\pgf\basiclayer\pg
fcoretransformations.code.tex"
File: pgfcoretransformations.code.tex 2009/06/10  (rcs-revision 1.11)
\pgf@pt@x=\dimen161
\pgf@pt@y=\dimen162
\pgf@pt@temp=\dimen163
)
("C:\Users\Cyril Cornu\AppData\Roaming\MiKTeX\2.9\tex\generic\pgf\basiclayer\pg
fcorequick.code.tex"
File: pgfcorequick.code.tex 2008/10/09  (rcs-revision 1.3)
)
("C:\Users\Cyril Cornu\AppData\Roaming\MiKTeX\2.9\tex\generic\pgf\basiclayer\pg
fcoreobjects.code.tex"
File: pgfcoreobjects.code.tex 2006/10/11  (rcs-revision 1.2)
)
("C:\Users\Cyril Cornu\AppData\Roaming\MiKTeX\2.9\tex\generic\pgf\basiclayer\pg
fcorepathprocessing.code.tex"
File: pgfcorepathprocessing.code.tex 2008/10/09  (rcs-revision 1.8)
)
("C:\Users\Cyril Cornu\AppData\Roaming\MiKTeX\2.9\tex\generic\pgf\basiclayer\pg
fcorearrows.code.tex"
File: pgfcorearrows.code.tex 2008/04/23  (rcs-revision 1.11)
)
("C:\Users\Cyril Cornu\AppData\Roaming\MiKTeX\2.9\tex\generic\pgf\basiclayer\pg
fcoreshade.code.tex"
File: pgfcoreshade.code.tex 2008/11/23  (rcs-revision 1.13)
\pgf@max=\dimen164
\pgf@sys@shading@range@num=\count128
)
("C:\Users\Cyril Cornu\AppData\Roaming\MiKTeX\2.9\tex\generic\pgf\basiclayer\pg
fcoreimage.code.tex"
File: pgfcoreimage.code.tex 2010/03/25  (rcs-revision 1.16)

("C:\Users\Cyril Cornu\AppData\Roaming\MiKTeX\2.9\tex\generic\pgf\basiclayer\pg
fcoreexternal.code.tex"
File: pgfcoreexternal.code.tex 2010/09/01  (rcs-revision 1.17)
\pgfexternal@startupbox=\box38
))
("C:\Users\Cyril Cornu\AppData\Roaming\MiKTeX\2.9\tex\generic\pgf\basiclayer\pg
fcorelayers.code.tex"
File: pgfcorelayers.code.tex 2010/08/27  (rcs-revision 1.2)
)
("C:\Users\Cyril Cornu\AppData\Roaming\MiKTeX\2.9\tex\generic\pgf\basiclayer\pg
fcoretransparency.code.tex"
File: pgfcoretransparency.code.tex 2008/01/17  (rcs-revision 1.2)
)
("C:\Users\Cyril Cornu\AppData\Roaming\MiKTeX\2.9\tex\generic\pgf\basiclayer\pg
fcorepatterns.code.tex"
File: pgfcorepatterns.code.tex 2009/07/02  (rcs-revision 1.3)
)))
("C:\Users\Cyril Cornu\AppData\Roaming\MiKTeX\2.9\tex\generic\pgf\modules\pgfmo
duleshapes.code.tex"
File: pgfmoduleshapes.code.tex 2010/09/09  (rcs-revision 1.13)
\pgfnodeparttextbox=\box39
)
("C:\Users\Cyril Cornu\AppData\Roaming\MiKTeX\2.9\tex\generic\pgf\modules\pgfmo
duleplot.code.tex"
File: pgfmoduleplot.code.tex 2010/10/22  (rcs-revision 1.8)
)
("C:\Users\Cyril Cornu\AppData\Roaming\MiKTeX\2.9\tex\latex\pgf\compatibility\p
gfcomp-version-0-65.sty"
Package: pgfcomp-version-0-65 2007/07/03 v2.10 (rcs-revision 1.7)
\pgf@nodesepstart=\dimen165
\pgf@nodesepend=\dimen166
)
("C:\Users\Cyril Cornu\AppData\Roaming\MiKTeX\2.9\tex\latex\pgf\compatibility\p
gfcomp-version-1-18.sty"
Package: pgfcomp-version-1-18 2007/07/23 v2.10 (rcs-revision 1.1)
))
("C:\Users\Cyril Cornu\AppData\Roaming\MiKTeX\2.9\tex\latex\pgf\utilities\pgffo
r.sty"
("C:\Users\Cyril Cornu\AppData\Roaming\MiKTeX\2.9\tex\latex\pgf\utilities\pgfke
ys.sty"
("C:\Users\Cyril Cornu\AppData\Roaming\MiKTeX\2.9\tex\generic\pgf\utilities\pgf
keys.code.tex"))
("C:\Users\Cyril Cornu\AppData\Roaming\MiKTeX\2.9\tex\generic\pgf\utilities\pgf
for.code.tex"
Package: pgffor 2010/03/23 v2.10 (rcs-revision 1.18)
\pgffor@iter=\dimen167
\pgffor@skip=\dimen168
\pgffor@stack=\toks36
\pgffor@toks=\toks37
))
("C:\Users\Cyril Cornu\AppData\Roaming\MiKTeX\2.9\tex\generic\pgf\frontendlayer
\tikz\tikz.code.tex"
Package: tikz 2010/10/13 v2.10 (rcs-revision 1.76)

("C:\Users\Cyril Cornu\AppData\Roaming\MiKTeX\2.9\tex\generic\pgf\libraries\pgf
libraryplothandlers.code.tex"
File: pgflibraryplothandlers.code.tex 2010/05/31 v2.10 (rcs-revision 1.15)
\pgf@plot@mark@count=\count129
\pgfplotmarksize=\dimen169
)
\tikz@lastx=\dimen170
\tikz@lasty=\dimen171
\tikz@lastxsaved=\dimen172
\tikz@lastysaved=\dimen173
\tikzleveldistance=\dimen174
\tikzsiblingdistance=\dimen175
\tikz@figbox=\box40
\tikz@tempbox=\box41
\tikztreelevel=\count130
\tikznumberofchildren=\count131
\tikznumberofcurrentchild=\count132
\tikz@fig@count=\count133

("C:\Users\Cyril Cornu\AppData\Roaming\MiKTeX\2.9\tex\generic\pgf\modules\pgfmo
dulematrix.code.tex"
File: pgfmodulematrix.code.tex 2010/08/24  (rcs-revision 1.4)
\pgfmatrixcurrentrow=\count134
\pgfmatrixcurrentcolumn=\count135
\pgf@matrix@numberofcolumns=\count136
)
\tikz@expandcount=\count137

("C:\Users\Cyril Cornu\AppData\Roaming\MiKTeX\2.9\tex\generic\pgf\frontendlayer
\tikz\libraries\tikzlibrarytopaths.code.tex"
File: tikzlibrarytopaths.code.tex 2008/06/17 v2.10 (rcs-revision 1.2)
)))
("C:\Users\Cyril Cornu\AppData\Roaming\MiKTeX\2.9\tex\generic\pgf\frontendlayer
\tikz\libraries\tikzlibraryarrows.code.tex"
File: tikzlibraryarrows.code.tex 2008/01/09 v2.10 (rcs-revision 1.1)

("C:\Users\Cyril Cornu\AppData\Roaming\MiKTeX\2.9\tex\generic\pgf\libraries\pgf
libraryarrows.code.tex"
File: pgflibraryarrows.code.tex 2008/10/27 v2.10 (rcs-revision 1.9)
\arrowsize=\dimen176
))
("C:\Users\Cyril Cornu\AppData\Roaming\MiKTeX\2.9\tex\generic\pgf\frontendlayer
\tikz\libraries\tikzlibrarybackgrounds.code.tex"
File: tikzlibrarybackgrounds.code.tex 2010/02/08 v2.10 (rcs-revision 1.2)
\pgf@layerbox@background=\box42
\pgf@layerboxsaved@background=\box43
)
("C:\Users\Cyril Cornu\AppData\Roaming\MiKTeX\2.9\tex\generic\pgf\frontendlayer
\tikz\libraries\tikzlibrarycalc.code.tex"
File: tikzlibrarycalc.code.tex 2009/09/04 v2.10 (rcs-revision 1.6)
)
("C:\Users\Cyril Cornu\AppData\Roaming\MiKTeX\2.9\tex\generic\pgf\frontendlayer
\tikz\libraries\tikzlibrarypatterns.code.tex"
File: tikzlibrarypatterns.code.tex 2008/01/15 v2.10 (rcs-revision 1.2)

("C:\Users\Cyril Cornu\AppData\Roaming\MiKTeX\2.9\tex\generic\pgf\libraries\pgf
librarypatterns.code.tex"
File: pgflibrarypatterns.code.tex 2008/03/03 v2.10 (rcs-revision 1.13)
))
("C:\Users\Cyril Cornu\AppData\Roaming\MiKTeX\2.9\tex\generic\pgf\frontendlayer
\tikz\libraries\tikzlibrarypositioning.code.tex"
File: tikzlibrarypositioning.code.tex 2008/10/06 v2.10 (rcs-revision 1.7)
)
\c@gtt@width=\count138
\c@gtt@currentline=\count139
\c@gtt@lasttitleline=\count140
\c@gtt@lasttitleslot=\count141
\c@gtt@elementid=\count142
\c@gtt@currgrid=\count143
)
("C:\Users\Cyril Cornu\AppData\Roaming\MiKTeX\2.9\tex\latex\adjustbox\adjustbox
.sty"
Package: adjustbox 2012/05/21 v1.0 Adjusting TeX boxes (trim, clip, ...)

("C:\Users\Cyril Cornu\AppData\Roaming\MiKTeX\2.9\tex\latex\adjustbox\adjcalc.s
ty"
Package: adjcalc 2012/05/16 v1.1 Provides advanced setlength with multiple back
-ends (calc, etex, pgfmath)
)
("C:\Users\Cyril Cornu\AppData\Roaming\MiKTeX\2.9\tex\latex\adjustbox\trimclip.
sty"
Package: trimclip 2012/05/16 v1.0 Trim and clip general TeX material

("C:\Users\Cyril Cornu\AppData\Roaming\MiKTeX\2.9\tex\latex\collectbox\collectb
ox.sty"
Package: collectbox 2012/05/17 v0.4b Collect macro arguments as boxes
\collectedbox=\box44
)
\tc@llx=\dimen177
\tc@lly=\dimen178
\tc@urx=\dimen179
\tc@ury=\dimen180
Package trimclip Info: Using driver 'tc-pdftex.def'.

("C:\Users\Cyril Cornu\AppData\Roaming\MiKTeX\2.9\tex\latex\adjustbox\tc-pdftex
.def"
File: tc-pdftex.def 2012/05/13 v1.0 Clipping driver for pdftex
))
\adjbox@Width=\dimen181
\adjbox@Height=\dimen182
\adjbox@Depth=\dimen183
\adjbox@Totalheight=\dimen184

("C:\Users\Cyril Cornu\AppData\Roaming\MiKTeX\2.9\tex\latex\ifoddpage\ifoddpage
.sty"
Package: ifoddpage 2011/09/13 v1.0 Conditionals for odd/even page detection
\c@checkoddpage=\count144
) ("C:\Program Files (x86)\MiKTeX 2.9\tex\latex\ltxmisc\varwidth.sty"
Package: varwidth 2009/03/30 ver 0.92;  Variable-width minipages
\@vwid@box=\box45
\sift@deathcycles=\count145
\@vwid@loff=\dimen185
\@vwid@roff=\dimen186
))
("C:\Users\Cyril Cornu\AppData\Roaming\MiKTeX\2.9\tex\latex\datetime\datetime.s
ty"
Package: datetime 2010/09/21 v2.58 Date Time Package

("C:\Users\Cyril Cornu\AppData\Roaming\MiKTeX\2.9\tex\latex\fmtcount\fmtcount.s
ty"
Package: fmtcount 2012/10/24 v2.02

("C:\Users\Cyril Cornu\AppData\Roaming\MiKTeX\2.9\tex\latex\etoolbox\etoolbox.s
ty"
Package: etoolbox 2011/01/03 v2.1 e-TeX tools for LaTeX
 ("C:\Program Files (x86)\MiKTeX 2.9\tex\latex\misc\etex.sty"
Package: etex 1998/03/26 v2.0 eTeX basic definition package (PEB)
\et@xins=\count146
)
\etb@tempcnta=\count147
)
("C:\Users\Cyril Cornu\AppData\Roaming\MiKTeX\2.9\tex\latex\fmtcount\fcprefix.s
ty"
Package: fcprefix 2012/09/28

("C:\Users\Cyril Cornu\AppData\Roaming\MiKTeX\2.9\tex\latex\fmtcount\fcnumparse
r.sty"
Package: fcnumparser 2012/09/28
\fc@digit@counter=\count148
))
\c@padzeroesN=\count149
\fc@tmpcatcode=\count150
\@DT@modctr=\count151
\@ordinalctr=\count152
\@orgargctr=\count153
\@strctr=\count154
\@tmpstrctr=\count155
\@DT@loopN=\count156
\@DT@X=\count157

("C:\Users\Cyril Cornu\AppData\Roaming\MiKTeX\2.9\tex\latex\fmtcount\fc-english
.def"
File: fc-english.def 2012/06/18
))
\@day=\count158
\@month=\count159
\@year=\count160
\c@HOUR=\count161
\c@HOURXII=\count162
\c@MINUTE=\count163
\c@TOHOUR=\count164
\c@TOMINUTE=\count165
\c@SECOND=\count166
\currenthour=\count167
\currentminute=\count168
\currentsecond=\count169
Package datetime Info: No datetime.cfg file found, using default settings on in
put line 292.
\@dtctr=\count170
\dayofyear=\count171
\dayofweek=\count172
LaTeX Info: Redefining \today on input line 724.
\dt@a=\toks38
\dt@b=\toks39
)
("C:\Users\Cyril Cornu\Documents\GitHub\internal-assessment\Internal_Assessment
_Plan\Internal_Assessment_Plan.aux")
LaTeX Font Info:    Checking defaults for OML/txmi/m/it on input line 15.
LaTeX Font Info:    Try loading font information for OML+txmi on input line 15.


("C:\Users\Cyril Cornu\AppData\Roaming\MiKTeX\2.9\tex\latex\txfonts\omltxmi.fd"
File: omltxmi.fd 2000/12/15 v3.1
)
LaTeX Font Info:    ... okay on input line 15.
LaTeX Font Info:    Checking defaults for T1/cmr/m/n on input line 15.
LaTeX Font Info:    ... okay on input line 15.
LaTeX Font Info:    Checking defaults for OT1/cmr/m/n on input line 15.
LaTeX Font Info:    ... okay on input line 15.
LaTeX Font Info:    Checking defaults for OMS/txsy/m/n on input line 15.
LaTeX Font Info:    Try loading font information for OMS+txsy on input line 15.

 ("C:\Users\Cyril Cornu\AppData\Roaming\MiKTeX\2.9\tex\latex\txfonts\omstxsy.fd
"
File: omstxsy.fd 2000/12/15 v3.1
)
LaTeX Font Info:    ... okay on input line 15.
LaTeX Font Info:    Checking defaults for OMX/txex/m/n on input line 15.
LaTeX Font Info:    Try loading font information for OMX+txex on input line 15.


("C:\Users\Cyril Cornu\AppData\Roaming\MiKTeX\2.9\tex\latex\txfonts\omxtxex.fd"
File: omxtxex.fd 2000/12/15 v3.1
)
LaTeX Font Info:    ... okay on input line 15.
LaTeX Font Info:    Checking defaults for U/txexa/m/n on input line 15.
LaTeX Font Info:    Try loading font information for U+txexa on input line 15.
 ("C:\Users\Cyril Cornu\AppData\Roaming\MiKTeX\2.9\tex\latex\txfonts\utxexa.fd"
File: utxexa.fd 2000/12/15 v3.1
)
LaTeX Font Info:    ... okay on input line 15.
LaTeX Font Info:    Try loading font information for T1+txr on input line 15.
 ("C:\Users\Cyril Cornu\AppData\Roaming\MiKTeX\2.9\tex\latex\txfonts\t1txr.fd"
File: t1txr.fd 2000/12/15 v3.1
)
("C:\Users\Cyril Cornu\AppData\Roaming\MiKTeX\2.9\tex\context\base\supp-pdf.mki
i"
[Loading MPS to PDF converter (version 2006.09.02).]
\scratchcounter=\count173
\scratchdimen=\dimen187
\scratchbox=\box46
\nofMPsegments=\count174
\nofMParguments=\count175
\everyMPshowfont=\toks40
\MPscratchCnt=\count176
\MPscratchDim=\dimen188
\MPnumerator=\count177
\makeMPintoPDFobject=\count178
\everyMPtoPDFconversion=\toks41
)
Package caption Info: Begin \AtBeginDocument code.
Package caption Info: longtable package is loaded.

("C:\Users\Cyril Cornu\AppData\Roaming\MiKTeX\2.9\tex\latex\caption\ltcaption.s
ty"
Package: ltcaption 2011/09/12 v1.3 longtable captions (AR)
)
Package caption Info: End \AtBeginDocument code.
LaTeX Info: Redefining \microtypecontext on input line 15.
Package microtype Info: Generating PDF output.
Package microtype Info: Character protrusion enabled (level 2).
Package microtype Info: Using default protrusion set `alltext'.
Package microtype Info: Automatic font expansion enabled (level 2),
(microtype)             stretch: 20, shrink: 20, step: 1, non-selected.
Package microtype Info: Using default expansion set `basictext'.
Package microtype Info: No tracking.
Package microtype Info: No adjustment of interword spacing.
Package microtype Info: No adjustment of character kerning.

("C:\Users\Cyril Cornu\AppData\Roaming\MiKTeX\2.9\tex\latex\microtype\mt-ptm.cf
g"
File: mt-ptm.cfg 2006/04/20 v1.7 microtype config. file: Times (RS)
)
*geometry* driver: auto-detecting
*geometry* detected driver: pdftex
*geometry* verbose mode - [ preamble ] result:
* driver: pdftex
* paper: a4paper
* layout: <same size as paper>
* layoutoffset:(h,v)=(0.0pt,0.0pt)
* modes: twoside 
* h-part:(L,W,R)=(90.3375pt, 416.83289pt, 90.3375pt)
* v-part:(T,H,B)=(72.26999pt, 722.18808pt, 50.58878pt)
* \paperwidth=597.50787pt
* \paperheight=845.04684pt
* \textwidth=416.83289pt
* \textheight=722.18808pt
* \oddsidemargin=18.0675pt
* \evensidemargin=18.0675pt
* \topmargin=-37.0pt
* \headheight=12.0pt
* \headsep=25.0pt
* \topskip=11.0pt
* \footskip=30.0pt
* \marginparwidth=113.0pt
* \marginparsep=10.0pt
* \columnsep=10.0pt
* \skip\footins=10.0pt plus 4.0pt minus 2.0pt
* \hoffset=0.0pt
* \voffset=0.0pt
* \mag=1000
* \@twocolumnfalse
* \@twosidetrue
* \@mparswitchtrue
* \@reversemarginfalse
* (1in=72.27pt=25.4mm, 1cm=28.453pt)

ABD: EveryShipout initializing macros
LaTeX Font Info:    Try loading font information for T1+txss on input line 64.

("C:\Users\Cyril Cornu\AppData\Roaming\MiKTeX\2.9\tex\latex\txfonts\t1txss.fd"
File: t1txss.fd 2000/12/15 v3.1
)
LaTeX Font Info:    Font shape `T1/txss/m/n' will be
(Font)              scaled to size 10.40245pt on input line 64.
LaTeX Font Info:    Font shape `T1/txss/m/it' in size <10.95> not available
(Font)              Font shape `T1/txss/m/sl' tried instead on input line 64.
LaTeX Font Info:    Font shape `T1/txss/m/sl' will be
(Font)              scaled to size 10.40245pt on input line 64.
LaTeX Font Info:    Font shape `T1/txss/bx/it' in size <10.95> not available
(Font)              Font shape `T1/txss/bx/sl' tried instead on input line 64.
LaTeX Font Info:    Font shape `T1/txss/bx/sl' will be
(Font)              scaled to size 10.40245pt on input line 64.
LaTeX Font Info:    Font shape `T1/txss/bx/it' in size <22> not available
(Font)              Font shape `T1/txss/bx/sl' tried instead on input line 64.
LaTeX Font Info:    Font shape `T1/txss/bx/sl' will be
(Font)              scaled to size 20.89993pt on input line 64.
LaTeX Font Info:    Try loading font information for OT1+txr on input line 64.
("C:\Users\Cyril Cornu\AppData\Roaming\MiKTeX\2.9\tex\latex\txfonts\ot1txr.fd"
File: ot1txr.fd 2000/12/15 v3.1
)
LaTeX Font Info:    Try loading font information for U+txmia on input line 64.
("C:\Users\Cyril Cornu\AppData\Roaming\MiKTeX\2.9\tex\latex\txfonts\utxmia.fd"
File: utxmia.fd 2000/12/15 v3.1
)
LaTeX Font Info:    Try loading font information for U+txsya on input line 64.
("C:\Users\Cyril Cornu\AppData\Roaming\MiKTeX\2.9\tex\latex\txfonts\utxsya.fd"
File: utxsya.fd 2000/12/15 v3.1
)
LaTeX Font Info:    Try loading font information for U+txsyb on input line 64.
("C:\Users\Cyril Cornu\AppData\Roaming\MiKTeX\2.9\tex\latex\txfonts\utxsyb.fd"
File: utxsyb.fd 2000/12/15 v3.1
)
LaTeX Font Info:    Try loading font information for U+txsyc on input line 64.
("C:\Users\Cyril Cornu\AppData\Roaming\MiKTeX\2.9\tex\latex\txfonts\utxsyc.fd"
File: utxsyc.fd 2000/12/15 v3.1
)
LaTeX Font Info:    Font shape `T1/txss/bx/n' will be
(Font)              scaled to size 10.40245pt on input line 64.
LaTeX Font Info:    Font shape `T1/txss/bx/n' will be
(Font)              scaled to size 17.09995pt on input line 64.

LaTeX Font Warning: Font shape `T1/txss/k/n' undefined
(Font)              using `T1/txss/m/n' instead on input line 64.

<./template/itea.jpg, id=4, 240.9pt x 67.452pt>
File: ./template/itea.jpg Graphic file (type jpg)
 <use ./template/itea.jpg>
Package pdftex.def Info: ./template/itea.jpg used on input line 64.
(pdftex.def)             Requested size: 145.0pt x 40.60118pt.

Underfull \hbox (badness 10000) in paragraph at lines 64--64

 []

LaTeX Font Info:    Font shape `T1/txss/k/n' will be
(Font)              scaled to size 10.40245pt on input line 64.

LaTeX Font Warning: Font shape `T1/txss/k/it' undefined
(Font)              using `T1/txss/k/n' instead on input line 64.

LaTeX Font Info:    Font shape `T1/txss/k/it' will be
(Font)              scaled to size 10.40245pt on input line 64.

LaTeX Font Warning: Font shape `T1/txss/h/n' undefined
(Font)              using `T1/txss/m/n' instead on input line 64.

LaTeX Font Info:    Font shape `T1/txss/m/n' will be
(Font)              scaled to size 18.99994pt on input line 64.
LaTeX Font Info:    Font shape `T1/txss/h/n' will be
(Font)              scaled to size 10.40245pt on input line 64.
<./template/chart.png, id=5, 401.5pt x 301.125pt>
File: ./template/chart.png Graphic file (type png)
 <use ./template/chart.png>
Package pdftex.def Info: ./template/chart.png used on input line 64.
(pdftex.def)             Requested size: 350.0pt x 262.51881pt.
LaTeX Font Info:    Font shape `T1/txss/k/n' will be
(Font)              scaled to size 8.54997pt on input line 64.

<./template/ccbysabig.png, id=6, 97.0827pt x 33.9669pt>
File: ./template/ccbysabig.png Graphic file (type png)

<use ./template/ccbysabig.png>
Package pdftex.def Info: ./template/ccbysabig.png used on input line 64.
(pdftex.def)             Requested size: 40.0pt x 13.99492pt.
 [1

{C:/Users/Cyril Cornu/AppData/Local/MiKTeX/2.9/pdftex/config/pdftex.map} <C:/Us
ers/Cyril Cornu/Documents/GitHub/internal-assessment/Internal_Assessment_Plan/t
emplate/itea.jpg> <C:/Users/Cyril Cornu/Documents/GitHub/internal-assessment/In
ternal_Assessment_Plan/template/chart.png> <C:/Users/Cyril Cornu/Documents/GitH
ub/internal-assessment/Internal_Assessment_Plan/template/ccbysabig.png>] [2]
Overfull \hbox (113.16711pt too wide) in paragraph at lines 64--64
[][][][] 
 []

LaTeX Font Info:    Font shape `T1/txss/h/n' will be
(Font)              scaled to size 18.99994pt on input line 64.

Overfull \hbox (80.0pt too wide) in paragraph at lines 64--64
[]$[]$[] 
 []

LaTeX Font Info:    Font shape `T1/txss/k/it' will be
(Font)              scaled to size 8.54997pt on input line 64.

Overfull \hbox (80.0pt too wide) in paragraph at lines 64--64
[]$[]$[] 
 []

File: ./template/ccbysabig.png Graphic file (type png)
<use ./template/ccbysabig.png>
Package pdftex.def Info: ./template/ccbysabig.png used on input line 64.
(pdftex.def)             Requested size: 40.0pt x 13.99492pt.

Overfull \hbox (80.0pt too wide) in paragraph at lines 64--64
[]$[]$ 
 []

LaTeX Font Info:    Font shape `T1/txss/k/n' will be
(Font)              scaled to size 9.49997pt on input line 64.
[1]
LaTeX Font Info:    Try loading font information for T1+txtt on input line 64.

("C:\Users\Cyril Cornu\AppData\Roaming\MiKTeX\2.9\tex\latex\txfonts\t1txtt.fd"
File: t1txtt.fd 2000/12/15 v3.1
)
LaTeX Font Info:    Calculating math sizes for size <8.5> on input line 64.
LaTeX Font Info:    Font shape `T1/txss/bx/n' will be
(Font)              scaled to size 8.54997pt on input line 64.

Package Fancyhdr Warning: \headheight is too small (12.0pt): 
 Make it at least 13.59999pt.
 We now make it that large for the rest of the document.
 This may cause the page layout to be inconsistent, however.

<./template/ccbysa.png, id=22, 64.3203pt x 12.045pt>
File: ./template/ccbysa.png Graphic file (type png)

<use ./template/ccbysa.png>
Package pdftex.def Info: ./template/ccbysa.png used on input line 64.
(pdftex.def)             Requested size: 32.84999pt x 6.15186pt.
 [2

 <C:/Users/Cyril Cornu/Documents/GitHub/internal-assessment/Internal_Assessment
_Plan/template/ccbysa.png>]
LaTeX Font Info:    Font shape `T1/txss/m/n' will be
(Font)              scaled to size 8.54997pt on input line 65.

("C:\Users\Cyril Cornu\Documents\GitHub\internal-assessment\Internal_Assessment
_Plan\Internal_Assessment_Plan.toc")
\tf@toc=\write4
File: ./template/ccbysa.png Graphic file (type png)
 <use ./template/ccbysa.png>
Package pdftex.def Info: ./template/ccbysa.png used on input line 77.
(pdftex.def)             Requested size: 32.84999pt x 6.15186pt.
 [3


]
LaTeX Font Info:    Try loading font information for OMS+txr on input line 85.

("C:\Users\Cyril Cornu\AppData\Roaming\MiKTeX\2.9\tex\latex\txfonts\omstxr.fd"
File: omstxr.fd 2000/12/15 v3.1
)
LaTeX Font Info:    Font shape `OMS/txr/m/n' in size <10.95> not available
(Font)              Font shape `OMS/txsy/m/n' tried instead on input line 85.

Underfull \hbox (badness 10000) detected at line 85
[]\OMS/txsy/m/n/10.95 []
 []


Underfull \hbox (badness 10000) detected at line 86
[]\OMS/txsy/m/n/10.95 []
 []


Underfull \hbox (badness 10000) detected at line 87
[]\OMS/txsy/m/n/10.95 []
 []


Underfull \hbox (badness 10000) detected at line 88
[]\OMS/txsy/m/n/10.95 []
 []


Underfull \hbox (badness 10000) detected at line 98
[]\OMS/txsy/m/n/10.95 []
 []

File: ./template/ccbysa.png Graphic file (type png)
<use ./template/ccbysa.png>
Package pdftex.def Info: ./template/ccbysa.png used on input line 99.
(pdftex.def)             Requested size: 32.84999pt x 6.15186pt.
 [4

]
Underfull \hbox (badness 10000) detected at line 99
[]\OMS/txsy/m/n/10.95 []
 []


Underfull \hbox (badness 10000) detected at line 100
[]\OMS/txsy/m/n/10.95 []
 []

LaTeX Font Info:    Font shape `T1/txss/m/n' will be
(Font)              scaled to size 11.39996pt on input line 107.
LaTeX Font Info:    Font shape `T1/txss/bx/n' will be
(Font)              scaled to size 11.39996pt on input line 107.

Underfull \hbox (badness 10000) detected at line 111
[]\OMS/txsy/m/n/10.95 []
 []


Underfull \hbox (badness 10000) detected at line 112
[]\OMS/txsy/m/n/10.95 []
 []


Underfull \hbox (badness 10000) detected at line 113
[]\OMS/txsy/m/n/10.95 []
 []


Underfull \hbox (badness 10000) detected at line 121
[]\OMS/txsy/m/n/10.95 []
 []


Underfull \hbox (badness 10000) detected at line 122
[]\OMS/txsy/m/n/10.95 []
 []


Underfull \hbox (badness 10000) detected at line 123
[]\OMS/txsy/m/n/10.95 []
 []


Underfull \hbox (badness 10000) detected at line 124
[]\OMS/txsy/m/n/10.95 []
 []

File: ./template/ccbysa.png Graphic file (type png)
<use ./template/ccbysa.png>
Package pdftex.def Info: ./template/ccbysa.png used on input line 125.
(pdftex.def)             Requested size: 32.84999pt x 6.15186pt.
 [5]
Underfull \hbox (badness 10000) detected at line 125
[]\OMS/txsy/m/n/10.95 []
 []


Underfull \hbox (badness 10000) detected at line 131
[]\OMS/txsy/m/n/10.95 []
 []


Underfull \hbox (badness 10000) detected at line 132
[]\OMS/txsy/m/n/10.95 []
 []


Underfull \hbox (badness 10000) detected at line 139
[]\OMS/txsy/m/n/10.95 []
 []


Underfull \hbox (badness 10000) detected at line 140
[]\OMS/txsy/m/n/10.95 []
 []


Underfull \hbox (badness 10000) detected at line 141
[]\OMS/txsy/m/n/10.95 []
 []


Underfull \hbox (badness 10000) detected at line 142
[]\OMS/txsy/m/n/10.95 []
 []


Underfull \hbox (badness 10000) detected at line 143
[]\OMS/txsy/m/n/10.95 []
 []


Underfull \hbox (badness 10000) detected at line 144
[]\OMS/txsy/m/n/10.95 []
 []


Underfull \hbox (badness 10000) detected at line 145
[]\OMS/txsy/m/n/10.95 []
 []


Underfull \hbox (badness 10000) detected at line 146
[]\OMS/txsy/m/n/10.95 []
 []


Underfull \hbox (badness 10000) detected at line 147
[]\OMS/txsy/m/n/10.95 []
 []


Underfull \hbox (badness 10000) detected at line 152
[]\OMS/txsy/m/n/10.95 []
 []


Underfull \hbox (badness 10000) detected at line 153
[]\OMS/txsy/m/n/10.95 []
 []


Underfull \hbox (badness 10000) detected at line 154
[]\OMS/txsy/m/n/10.95 []
 []

File: ./template/ccbysa.png Graphic file (type png)
<use ./template/ccbysa.png>
Package pdftex.def Info: ./template/ccbysa.png used on input line 155.
(pdftex.def)             Requested size: 32.84999pt x 6.15186pt.
 [6]
Underfull \hbox (badness 10000) detected at line 161
[]\OMS/txsy/m/n/10.95 []
 []


Underfull \hbox (badness 10000) detected at line 162
[]\OMS/txsy/m/n/10.95 []
 []


Underfull \hbox (badness 10000) detected at line 163
[]\OMS/txsy/m/n/10.95 []
 []


Underfull \hbox (badness 10000) detected at line 164
[]\OMS/txsy/m/n/10.95 []
 []


Underfull \hbox (badness 10000) detected at line 165
[]\OMS/txsy/m/n/10.95 []
 []


Underfull \hbox (badness 10000) detected at line 166
[]\OMS/txsy/m/n/10.95 []
 []


Underfull \hbox (badness 10000) detected at line 167
[]\OMS/txsy/m/n/10.95 []
 []


Underfull \hbox (badness 10000) detected at line 168
[]\OMS/txsy/m/n/10.95 []
 []


Underfull \hbox (badness 10000) detected at line 179
[]\OMS/txsy/m/n/10.95 []
 []


Underfull \hbox (badness 10000) detected at line 180
[]\OMS/txsy/m/n/10.95 []
 []


Underfull \hbox (badness 10000) detected at line 181
[]\OMS/txsy/m/n/10.95 []
 []


Underfull \hbox (badness 10000) detected at line 182
[]\OMS/txsy/m/n/10.95 []
 []


Underfull \hbox (badness 10000) detected at line 183
[]\OMS/txsy/m/n/10.95 []
 []

File: ./template/ccbysa.png Graphic file (type png)
<use ./template/ccbysa.png>
Package pdftex.def Info: ./template/ccbysa.png used on input line 184.
(pdftex.def)             Requested size: 32.84999pt x 6.15186pt.
 [7]
Underfull \hbox (badness 10000) detected at line 188
[]\OMS/txsy/m/n/10.95 []
 []


Underfull \hbox (badness 10000) detected at line 201
[]\OMS/txsy/m/n/10.95 []
 []


Underfull \hbox (badness 10000) detected at line 202
[]\OMS/txsy/m/n/10.95 []
 []


Underfull \hbox (badness 10000) detected at line 203
[]\OMS/txsy/m/n/10.95 []
 []

File: ./template/ccbysa.png Graphic file (type png)
<use ./template/ccbysa.png>
Package pdftex.def Info: ./template/ccbysa.png used on input line 207.
(pdftex.def)             Requested size: 32.84999pt x 6.15186pt.
 [8]
Underfull \hbox (badness 10000) detected at line 210
[]\OMS/txsy/m/n/10.95 []
 []


Underfull \hbox (badness 10000) detected at line 211
[]\OMS/txsy/m/n/10.95 []
 []


Underfull \hbox (badness 10000) detected at line 219
[]\OMS/txsy/m/n/10.95 []
 []


Underfull \hbox (badness 10000) detected at line 220
[]\OMS/txsy/m/n/10.95 []
 []


Underfull \hbox (badness 10000) detected at line 221
[]\OMS/txsy/m/n/10.95 []
 []


Underfull \hbox (badness 10000) detected at line 222
[]\OMS/txsy/m/n/10.95 []
 []


Underfull \hbox (badness 10000) detected at line 230
[]\OMS/txsy/m/n/10.95 []
 []


Underfull \hbox (badness 10000) detected at line 231
[]\OMS/txsy/m/n/10.95 []
 []


Underfull \hbox (badness 10000) detected at line 232
[]\OMS/txsy/m/n/10.95 []
 []


Underfull \hbox (badness 10000) detected at line 233
[]\OMS/txsy/m/n/10.95 []
 []

File: ./template/ccbysa.png Graphic file (type png)
<use ./template/ccbysa.png>
Package pdftex.def Info: ./template/ccbysa.png used on input line 234.
(pdftex.def)             Requested size: 32.84999pt x 6.15186pt.
 [9]
Underfull \hbox (badness 10000) detected at line 247
[]\OMS/txsy/m/n/10.95 []
 []


Underfull \hbox (badness 10000) detected at line 248
[]\OMS/txsy/m/n/10.95 []
 []


Underfull \hbox (badness 10000) detected at line 249
[]\OMS/txsy/m/n/10.95 []
 []


Underfull \hbox (badness 10000) detected at line 250
[]\OMS/txsy/m/n/10.95 []
 []


Underfull \hbox (badness 10000) detected at line 255
[]\OMS/txsy/m/n/10.95 []
 []


Underfull \hbox (badness 10000) detected at line 256
[]\OMS/txsy/m/n/10.95 []
 []


Underfull \hbox (badness 10000) detected at line 257
[]\OMS/txsy/m/n/10.95 []
 []


Underfull \hbox (badness 10000) detected at line 258
[]\OMS/txsy/m/n/10.95 []
 []


Underfull \hbox (badness 10000) detected at line 259
[]\OMS/txsy/m/n/10.95 []
 []

File: ./template/ccbysa.png Graphic file (type png)
<use ./template/ccbysa.png>
Package pdftex.def Info: ./template/ccbysa.png used on input line 266.
(pdftex.def)             Requested size: 32.84999pt x 6.15186pt.
 [10]
File: ./template/ccbysa.png Graphic file (type png)
 <use ./template/ccbysa.png>
Package pdftex.def Info: ./template/ccbysa.png used on input line 266.
(pdftex.def)             Requested size: 32.84999pt x 6.15186pt.
 [11]
("C:\Users\Cyril Cornu\Documents\GitHub\internal-assessment\Internal_Assessment
_Plan\gantt.tex"
File: ./template/ccbysa.png Graphic file (type png)
 <use ./template/ccbysa.png>
Package pdftex.def Info: ./template/ccbysa.png used on input line 2.
(pdftex.def)             Requested size: 32.84999pt x 6.15186pt.
 [12

]
Missing character: There is no , in font nullfont!
File: ./template/ccbysa.png Graphic file (type png)
 <use ./template/ccbysa.png>
Package pdftex.def Info: ./template/ccbysa.png used on input line 97.
(pdftex.def)             Requested size: 32.84999pt x 6.15186pt.

[13

])
File: ./template/ccbysa.png Graphic file (type png)
 <use ./template/ccbysa.png>
Package pdftex.def Info: ./template/ccbysa.png used on input line 273.
(pdftex.def)             Requested size: 32.84999pt x 6.15186pt.
 [14

]
File: ./template/ccbysa.png Graphic file (type png)
 <use ./template/ccbysa.png>
Package pdftex.def Info: ./template/ccbysa.png used on input line 275.
(pdftex.def)             Requested size: 32.84999pt x 6.15186pt.
 [15

]

FiXme Summary: Number of notes: 0,
(FiXme)        Number of warnings: 0,
(FiXme)        Number of errors: 0,
(FiXme)        Number of fatal errors: 0,
(FiXme)        Total: 0.

File: ./template/ccbysa.png Graphic file (type png)
<use ./template/ccbysa.png>
Package pdftex.def Info: ./template/ccbysa.png used on input line 283.
(pdftex.def)             Requested size: 32.84999pt x 6.15186pt.
 [16

]
("C:\Users\Cyril Cornu\Documents\GitHub\internal-assessment\Internal_Assessment
_Plan\Internal_Assessment_Plan.aux")

LaTeX Font Warning: Some font shapes were not available, defaults substituted.

 ) 
Here is how much of TeX's memory you used:
 18575 strings out of 494045
 332195 string characters out of 3145951
 573578 words of memory out of 3000000
 21184 multiletter control sequences out of 15000+200000
 102873 words of font info for 305 fonts, out of 3000000 for 9000
 715 hyphenation exceptions out of 8191
 63i,13n,60p,1034b,997s stack positions out of 5000i,500n,10000p,200000b,50000s
{C:/Program Files (x86)/MiKTeX 2.9/fonts/enc/dvips/fontname/8r.enc}<C:/Users/
Cyril Cornu/AppData/Roaming/MiKTeX/2.9/fonts/type1/public/txfonts/rtxb.pfb><C:/
Users/Cyril Cornu/AppData/Roaming/MiKTeX/2.9/fonts/type1/public/txfonts/rtxr.pf
b><C:/Users/Cyril Cornu/AppData/Roaming/MiKTeX/2.9/fonts/type1/public/txfonts/r
txsc.pfb><C:/Users/Cyril Cornu/AppData/Roaming/MiKTeX/2.9/fonts/type1/public/tx
fonts/t1xtt.pfb><C:/Users/Cyril Cornu/AppData/Roaming/MiKTeX/2.9/fonts/type1/pu
blic/txfonts/txsy.pfb><C:/Program Files (x86)/MiKTeX 2.9/fonts/type1/urw/helvet
ic/uhvb8a.pfb><C:/Program Files (x86)/MiKTeX 2.9/fonts/type1/urw/helvetic/uhvb8
a.pfb><C:/Program Files (x86)/MiKTeX 2.9/fonts/type1/urw/helvetic/uhvr8a.pfb><C
:/Program Files (x86)/MiKTeX 2.9/fonts/type1/urw/times/utmb8a.pfb><C:/Program F
iles (x86)/MiKTeX 2.9/fonts/type1/urw/times/utmr8a.pfb><C:/Program Files (x86)/
MiKTeX 2.9/fonts/type1/urw/times/utmri8a.pfb>
Output written on Internal_Assessment_Plan.pdf (18 pages, 158990 bytes).
PDF statistics:
 115 PDF objects out of 1000 (max. 8388607)
 0 named destinations out of 1000 (max. 500000)
 64033 words of extra memory for PDF output out of 74296 (max. 10000000)

